c:\users\fappe\documents\visual studio 2015\projects\tetris\trainingframework\release-nvidia\vc140.pdb
c:\users\fappe\documents\visual studio 2015\projects\tetris\trainingframework\release-nvidia\texture.obj
c:\users\fappe\documents\visual studio 2015\projects\tetris\trainingframework\release-nvidia\text.obj
c:\users\fappe\documents\visual studio 2015\projects\tetris\trainingframework\release-nvidia\spriteanimation.obj
c:\users\fappe\documents\visual studio 2015\projects\tetris\trainingframework\release-nvidia\shaders.obj
c:\users\fappe\documents\visual studio 2015\projects\tetris\trainingframework\release-nvidia\models.obj
c:\users\fappe\documents\visual studio 2015\projects\tetris\trainingframework\release-nvidia\sprite3d.obj
c:\users\fappe\documents\visual studio 2015\projects\tetris\trainingframework\release-nvidia\camera.obj
c:\users\fappe\documents\visual studio 2015\projects\tetris\trainingframework\release-nvidia\sprite2d.obj
c:\users\fappe\documents\visual studio 2015\projects\tetris\trainingframework\release-nvidia\gamebutton.obj
c:\users\fappe\documents\visual studio 2015\projects\tetris\trainingframework\release-nvidia\font.obj
c:\users\fappe\documents\visual studio 2015\projects\tetris\trainingframework\release-nvidia\trainingframework.obj
c:\users\fappe\documents\visual studio 2015\projects\tetris\trainingframework\release-nvidia\gsmenu.obj
c:\users\fappe\documents\visual studio 2015\projects\tetris\trainingframework\release-nvidia\resourcemanagers.obj
c:\users\fappe\documents\visual studio 2015\projects\tetris\trainingframework\release-nvidia\gamestatebase.obj
c:\users\fappe\documents\visual studio 2015\projects\tetris\trainingframework\release-nvidia\gamestatemachine.obj
c:\users\fappe\documents\visual studio 2015\projects\tetris\trainingframework\release-nvidia\gssetting.obj
c:\users\fappe\documents\visual studio 2015\projects\tetris\trainingframework\release-nvidia\gsplay.obj
c:\users\fappe\documents\visual studio 2015\projects\tetris\trainingframework\release-nvidia\gspausemenu.obj
c:\users\fappe\documents\visual studio 2015\projects\tetris\trainingframework\release-nvidia\gsintro.obj
c:\users\fappe\documents\visual studio 2015\projects\tetris\trainingframework\release-nvidia\gsgameover.obj
c:\users\fappe\documents\visual studio 2015\projects\tetris\trainingframework\release-nvidia\application.obj
c:\users\fappe\documents\visual studio 2015\projects\tetris\bin-nvidia\tetris.exe
c:\users\fappe\documents\visual studio 2015\projects\tetris\bin-nvidia\tetris.ipdb
c:\users\fappe\documents\visual studio 2015\projects\tetris\bin-nvidia\tetris.iobj
c:\users\fappe\documents\visual studio 2015\projects\tetris\bin-nvidia\tetris.pdb
c:\users\fappe\documents\visual studio 2015\projects\tetris\trainingframework\release-nvidia\trainingframework.res
c:\users\fappe\documents\visual studio 2015\projects\tetris\trainingframework\release-nvidia\trainingframework.vcxprojresolveassemblyreference.cache
c:\users\fappe\documents\visual studio 2015\projects\tetris\\bin-nvidia\tetris.pdb
c:\users\fappe\documents\visual studio 2015\projects\tetris\\bin-nvidia\tetris.exe
c:\users\fappe\documents\visual studio 2015\projects\tetris\trainingframework\release-nvidia\tetris.tlog\cl.command.1.tlog
c:\users\fappe\documents\visual studio 2015\projects\tetris\trainingframework\release-nvidia\tetris.tlog\cl.read.1.tlog
c:\users\fappe\documents\visual studio 2015\projects\tetris\trainingframework\release-nvidia\tetris.tlog\cl.write.1.tlog
c:\users\fappe\documents\visual studio 2015\projects\tetris\trainingframework\release-nvidia\tetris.tlog\link.command.1.tlog
c:\users\fappe\documents\visual studio 2015\projects\tetris\trainingframework\release-nvidia\tetris.tlog\link.read.1.tlog
c:\users\fappe\documents\visual studio 2015\projects\tetris\trainingframework\release-nvidia\tetris.tlog\link.write.1.tlog
c:\users\fappe\documents\visual studio 2015\projects\tetris\trainingframework\release-nvidia\tetris.tlog\rc.command.1.tlog
c:\users\fappe\documents\visual studio 2015\projects\tetris\trainingframework\release-nvidia\tetris.tlog\rc.read.1.tlog
c:\users\fappe\documents\visual studio 2015\projects\tetris\trainingframework\release-nvidia\tetris.tlog\rc.write.1.tlog
