C:\Program Files (x86)\MSBuild\Microsoft.Cpp\v4.0\V140\Microsoft.CppBuild.targets(392,5): warning MSB8028: The intermediate directory (Release-Nvidia\) contains files shared from another project (TrainingFramework.vcxproj).  This can lead to incorrect clean and rebuild behavior.
  GSPlay.cpp
src\GameStates\GSPlay.cpp(108): warning C4244: 'argument': conversion from 'double' to 'GLfloat', possible loss of data
src\GameStates\GSPlay.cpp(110): warning C4244: 'argument': conversion from 'double' to 'GLint', possible loss of data
src\GameStates\GSPlay.cpp(119): warning C4244: 'argument': conversion from 'int' to 'GLfloat', possible loss of data
src\GameStates\GSPlay.cpp(376): warning C4244: 'argument': conversion from 'double' to 'GLfloat', possible loss of data
src\GameStates\GSPlay.cpp(378): warning C4244: 'argument': conversion from 'double' to 'GLint', possible loss of data
D:\Microsoft Visual Studio 14.0\VC\include\memory(901): warning C4244: 'argument': conversion from 'double' to 'float', possible loss of data
  D:\Microsoft Visual Studio 14.0\VC\include\memory(971): note: see reference to function template instantiation 'std::_Ref_count_obj<_Ty>::_Ref_count_obj<std::shared_ptr<Shaders>&,std::shared_ptr<Font>&,std::basic_string<char,std::char_traits<char>,std::allocator<char>>,TEXT_COLOR,double>(std::shared_ptr<Shaders> &,std::shared_ptr<Font> &,std::basic_string<char,std::char_traits<char>,std::allocator<char>> &&,TEXT_COLOR &&,double &&)' being compiled
          with
          [
              _Ty=Text
          ]
  D:\Microsoft Visual Studio 14.0\VC\include\memory(971): note: see reference to function template instantiation 'std::_Ref_count_obj<_Ty>::_Ref_count_obj<std::shared_ptr<Shaders>&,std::shared_ptr<Font>&,std::basic_string<char,std::char_traits<char>,std::allocator<char>>,TEXT_COLOR,double>(std::shared_ptr<Shaders> &,std::shared_ptr<Font> &,std::basic_string<char,std::char_traits<char>,std::allocator<char>> &&,TEXT_COLOR &&,double &&)' being compiled
          with
          [
              _Ty=Text
          ]
  src\GameStates\GSPlay.cpp(185): note: see reference to function template instantiation 'std::shared_ptr<Text> std::make_shared<Text,std::shared_ptr<Shaders>&,std::shared_ptr<Font>&,std::string,TEXT_COLOR,double>(std::shared_ptr<Shaders> &,std::shared_ptr<Font> &,std::string &&,TEXT_COLOR &&,double &&)' being compiled
LINK : warning LNK4098: defaultlib 'LIBCMT' conflicts with use of other libs; use /NODEFAULTLIB:library
  Generating code
  1 of 1940 functions ( 0.1%) were compiled, the rest were copied from previous compilation.
    0 functions were new in current compilation
    0 functions had inline decision re-evaluated but remain unchanged
  Finished generating code
  TrainingFramework.vcxproj -> C:\Users\fappe\Documents\Visual Studio 2015\Projects\Tetris\\BIN-Nvidia\Tetris.exe
  TrainingFramework.vcxproj -> C:\Users\fappe\Documents\Visual Studio 2015\Projects\Tetris\\BIN-Nvidia\Tetris.pdb (Full PDB)
