c:\users\fappe\documents\visual studio 2015\projects\tetris\trainingframework\debug-nvidia\vc140.pdb
c:\users\fappe\documents\visual studio 2015\projects\tetris\trainingframework\debug-nvidia\vc140.idb
c:\users\fappe\documents\visual studio 2015\projects\tetris\trainingframework\debug-nvidia\resourcemanagers.obj
c:\users\fappe\documents\visual studio 2015\projects\tetris\trainingframework\debug-nvidia\font.obj
c:\users\fappe\documents\visual studio 2015\projects\tetris\trainingframework\debug-nvidia\gamebutton.obj
c:\users\fappe\documents\visual studio 2015\projects\tetris\trainingframework\debug-nvidia\o_block.obj
c:\users\fappe\documents\visual studio 2015\projects\tetris\trainingframework\debug-nvidia\sprite2d.obj
c:\users\fappe\documents\visual studio 2015\projects\tetris\trainingframework\debug-nvidia\camera.obj
c:\users\fappe\documents\visual studio 2015\projects\tetris\trainingframework\debug-nvidia\sprite3d.obj
c:\users\fappe\documents\visual studio 2015\projects\tetris\trainingframework\debug-nvidia\models.obj
c:\users\fappe\documents\visual studio 2015\projects\tetris\trainingframework\debug-nvidia\shaders.obj
c:\users\fappe\documents\visual studio 2015\projects\tetris\trainingframework\debug-nvidia\spriteanimation.obj
c:\users\fappe\documents\visual studio 2015\projects\tetris\trainingframework\debug-nvidia\text.obj
c:\users\fappe\documents\visual studio 2015\projects\tetris\trainingframework\debug-nvidia\texture.obj
c:\users\fappe\documents\visual studio 2015\projects\tetris\trainingframework\debug-nvidia\gamestatebase.obj
c:\users\fappe\documents\visual studio 2015\projects\tetris\trainingframework\debug-nvidia\gamestatemachine.obj
c:\users\fappe\documents\visual studio 2015\projects\tetris\trainingframework\debug-nvidia\gsintro.obj
c:\users\fappe\documents\visual studio 2015\projects\tetris\trainingframework\debug-nvidia\gsmenu.obj
c:\users\fappe\documents\visual studio 2015\projects\tetris\trainingframework\debug-nvidia\gspausemenu.obj
c:\users\fappe\documents\visual studio 2015\projects\tetris\trainingframework\debug-nvidia\gsplay.obj
c:\users\fappe\documents\visual studio 2015\projects\tetris\trainingframework\debug-nvidia\gssetting.obj
c:\users\fappe\documents\visual studio 2015\projects\tetris\trainingframework\debug-nvidia\trainingframework.obj
c:\users\fappe\documents\visual studio 2015\projects\tetris\trainingframework\debug-nvidia\application.obj
c:\users\fappe\documents\visual studio 2015\projects\tetris\trainingframework\debug-nvidia\timer.obj
c:\users\fappe\documents\visual studio 2015\projects\tetris\bin-nvidia\tetris.ilk
c:\users\fappe\documents\visual studio 2015\projects\tetris\bin-nvidia\tetris.exe
c:\users\fappe\documents\visual studio 2015\projects\tetris\bin-nvidia\tetris.pdb
c:\users\fappe\documents\visual studio 2015\projects\tetris\trainingframework\debug-nvidia\trainingframework.res
c:\users\fappe\documents\visual studio 2015\projects\tetris\trainingframework\debug-nvidia\trainingframework.vcxprojresolveassemblyreference.cache
c:\users\fappe\documents\visual studio 2015\projects\tetris\\bin-nvidia\tetris.pdb
c:\users\fappe\documents\visual studio 2015\projects\tetris\\bin-nvidia\tetris.exe
c:\users\fappe\documents\visual studio 2015\projects\tetris\\bin-nvidia\tetris.ilk
c:\users\fappe\documents\visual studio 2015\projects\tetris\trainingframework\debug-nvidia\tetris.tlog\cl.command.1.tlog
c:\users\fappe\documents\visual studio 2015\projects\tetris\trainingframework\debug-nvidia\tetris.tlog\cl.read.1.tlog
c:\users\fappe\documents\visual studio 2015\projects\tetris\trainingframework\debug-nvidia\tetris.tlog\cl.write.1.tlog
c:\users\fappe\documents\visual studio 2015\projects\tetris\trainingframework\debug-nvidia\tetris.tlog\link.command.1.tlog
c:\users\fappe\documents\visual studio 2015\projects\tetris\trainingframework\debug-nvidia\tetris.tlog\link.read.1.tlog
c:\users\fappe\documents\visual studio 2015\projects\tetris\trainingframework\debug-nvidia\tetris.tlog\link.write.1.tlog
c:\users\fappe\documents\visual studio 2015\projects\tetris\trainingframework\debug-nvidia\tetris.tlog\rc.command.1.tlog
c:\users\fappe\documents\visual studio 2015\projects\tetris\trainingframework\debug-nvidia\tetris.tlog\rc.read.1.tlog
c:\users\fappe\documents\visual studio 2015\projects\tetris\trainingframework\debug-nvidia\tetris.tlog\rc.write.1.tlog
