c:\users\fappe\documents\visual studio 2015\projects\programming_anim\trainingframework\debug-nvidia\vc140.pdb
c:\users\fappe\documents\visual studio 2015\projects\programming_anim\trainingframework\debug-nvidia\vc140.idb
c:\users\fappe\documents\visual studio 2015\projects\programming_anim\trainingframework\debug-nvidia\application.obj
c:\users\fappe\documents\visual studio 2015\projects\programming_anim\trainingframework\debug-nvidia\resourcemanagers.obj
c:\users\fappe\documents\visual studio 2015\projects\programming_anim\trainingframework\debug-nvidia\font.obj
c:\users\fappe\documents\visual studio 2015\projects\programming_anim\trainingframework\debug-nvidia\gamebutton.obj
c:\users\fappe\documents\visual studio 2015\projects\programming_anim\trainingframework\debug-nvidia\sprite2d.obj
c:\users\fappe\documents\visual studio 2015\projects\programming_anim\trainingframework\debug-nvidia\camera.obj
c:\users\fappe\documents\visual studio 2015\projects\programming_anim\trainingframework\debug-nvidia\sprite3d.obj
c:\users\fappe\documents\visual studio 2015\projects\programming_anim\trainingframework\debug-nvidia\models.obj
c:\users\fappe\documents\visual studio 2015\projects\programming_anim\trainingframework\debug-nvidia\shaders.obj
c:\users\fappe\documents\visual studio 2015\projects\programming_anim\trainingframework\debug-nvidia\spriteanimation.obj
c:\users\fappe\documents\visual studio 2015\projects\programming_anim\trainingframework\debug-nvidia\text.obj
c:\users\fappe\documents\visual studio 2015\projects\programming_anim\trainingframework\debug-nvidia\texture.obj
c:\users\fappe\documents\visual studio 2015\projects\programming_anim\trainingframework\debug-nvidia\gamestatebase.obj
c:\users\fappe\documents\visual studio 2015\projects\programming_anim\trainingframework\debug-nvidia\gamestatemachine.obj
c:\users\fappe\documents\visual studio 2015\projects\programming_anim\trainingframework\debug-nvidia\gsintro.obj
c:\users\fappe\documents\visual studio 2015\projects\programming_anim\trainingframework\debug-nvidia\gsmenu.obj
c:\users\fappe\documents\visual studio 2015\projects\programming_anim\trainingframework\debug-nvidia\gsplay.obj
c:\users\fappe\documents\visual studio 2015\projects\programming_anim\trainingframework\debug-nvidia\trainingframework.obj
c:\users\fappe\documents\visual studio 2015\projects\programming_anim\trainingframework\debug-nvidia\gssetting.obj
c:\users\fappe\documents\visual studio 2015\projects\programming_anim\trainingframework\debug-nvidia\gspausemenu.obj
c:\users\fappe\documents\visual studio 2015\projects\programming_anim\bin-nvidia\trainingframework.ilk
c:\users\fappe\documents\visual studio 2015\projects\programming_anim\bin-nvidia\trainingframework.exe
c:\users\fappe\documents\visual studio 2015\projects\programming_anim\bin-nvidia\trainingframework.pdb
c:\users\fappe\documents\visual studio 2015\projects\programming_anim\trainingframework\debug-nvidia\trainingframework.res
c:\users\fappe\documents\visual studio 2015\projects\programming_anim - copy\trainingframework\debug-nvidia\trainingframework.vcxprojresolveassemblyreference.cache
c:\users\fappe\documents\visual studio 2015\projects\programming_anim - copy\trainingframework\debug-nvidia\application.obj
c:\users\fappe\documents\visual studio 2015\projects\programming_anim - copy\trainingframework\debug-nvidia\camera.obj
c:\users\fappe\documents\visual studio 2015\projects\programming_anim - copy\trainingframework\debug-nvidia\font.obj
c:\users\fappe\documents\visual studio 2015\projects\programming_anim - copy\trainingframework\debug-nvidia\gamebutton.obj
c:\users\fappe\documents\visual studio 2015\projects\programming_anim - copy\trainingframework\debug-nvidia\gamestatebase.obj
c:\users\fappe\documents\visual studio 2015\projects\programming_anim - copy\trainingframework\debug-nvidia\gamestatemachine.obj
c:\users\fappe\documents\visual studio 2015\projects\programming_anim - copy\trainingframework\debug-nvidia\gsintro.obj
c:\users\fappe\documents\visual studio 2015\projects\programming_anim - copy\trainingframework\debug-nvidia\gsmenu.obj
c:\users\fappe\documents\visual studio 2015\projects\programming_anim - copy\trainingframework\debug-nvidia\gspausemenu.obj
c:\users\fappe\documents\visual studio 2015\projects\programming_anim - copy\trainingframework\debug-nvidia\gsplay.obj
c:\users\fappe\documents\visual studio 2015\projects\programming_anim - copy\trainingframework\debug-nvidia\gssetting.obj
c:\users\fappe\documents\visual studio 2015\projects\programming_anim - copy\trainingframework\debug-nvidia\models.obj
c:\users\fappe\documents\visual studio 2015\projects\programming_anim - copy\trainingframework\debug-nvidia\resourcemanagers.obj
c:\users\fappe\documents\visual studio 2015\projects\programming_anim - copy\trainingframework\debug-nvidia\shaders.obj
c:\users\fappe\documents\visual studio 2015\projects\programming_anim - copy\trainingframework\debug-nvidia\sprite2d.obj
c:\users\fappe\documents\visual studio 2015\projects\programming_anim - copy\trainingframework\debug-nvidia\sprite3d.obj
c:\users\fappe\documents\visual studio 2015\projects\programming_anim - copy\trainingframework\debug-nvidia\spriteanimation.obj
c:\users\fappe\documents\visual studio 2015\projects\programming_anim - copy\trainingframework\debug-nvidia\text.obj
c:\users\fappe\documents\visual studio 2015\projects\programming_anim - copy\trainingframework\debug-nvidia\texture.obj
c:\users\fappe\documents\visual studio 2015\projects\programming_anim - copy\trainingframework\debug-nvidia\trainingframework.obj
c:\users\fappe\documents\visual studio 2015\projects\programming_anim - copy\trainingframework\debug-nvidia\trainingframework.res
c:\users\fappe\documents\visual studio 2015\projects\programming_anim - copy\trainingframework\debug-nvidia\vc140.idb
c:\users\fappe\documents\visual studio 2015\projects\programming_anim - copy\trainingframework\debug-nvidia\vc140.pdb
c:\users\fappe\documents\visual studio 2015\projects\programming_anim - copy\\bin-nvidia\trainingframework.pdb
c:\users\fappe\documents\visual studio 2015\projects\programming_anim - copy\\bin-nvidia\trainingframework.exe
c:\users\fappe\documents\visual studio 2015\projects\programming_anim - copy\\bin-nvidia\trainingframework.ilk
c:\users\fappe\documents\visual studio 2015\projects\programming_anim - copy\trainingframework\debug-nvidia\training.fc024ec8.tlog\cl.command.1.tlog
c:\users\fappe\documents\visual studio 2015\projects\programming_anim - copy\trainingframework\debug-nvidia\training.fc024ec8.tlog\cl.read.1.tlog
c:\users\fappe\documents\visual studio 2015\projects\programming_anim - copy\trainingframework\debug-nvidia\training.fc024ec8.tlog\cl.write.1.tlog
c:\users\fappe\documents\visual studio 2015\projects\programming_anim - copy\trainingframework\debug-nvidia\training.fc024ec8.tlog\link.command.1.tlog
c:\users\fappe\documents\visual studio 2015\projects\programming_anim - copy\trainingframework\debug-nvidia\training.fc024ec8.tlog\link.read.1.tlog
c:\users\fappe\documents\visual studio 2015\projects\programming_anim - copy\trainingframework\debug-nvidia\training.fc024ec8.tlog\link.write.1.tlog
c:\users\fappe\documents\visual studio 2015\projects\programming_anim - copy\trainingframework\debug-nvidia\training.fc024ec8.tlog\rc.command.1.tlog
c:\users\fappe\documents\visual studio 2015\projects\programming_anim - copy\trainingframework\debug-nvidia\training.fc024ec8.tlog\rc.read.1.tlog
c:\users\fappe\documents\visual studio 2015\projects\programming_anim - copy\trainingframework\debug-nvidia\training.fc024ec8.tlog\rc.write.1.tlog
