C:\Program Files (x86)\MSBuild\Microsoft.Cpp\v4.0\V140\Microsoft.CppBuild.targets(392,5): warning MSB8028: The intermediate directory (Debug-Nvidia\) contains files shared from another project (TrainingFramework.vcxproj).  This can lead to incorrect clean and rebuild behavior.
  GSGameOver.cpp
c:\users\fappe\documents\visual studio 2015\projects\tetris\trainingframework\src\gamestates\gsgameover.cpp(29): warning C4244: 'argument': conversion from 'int' to 'GLfloat', possible loss of data
c:\users\fappe\documents\visual studio 2015\projects\tetris\trainingframework\src\gamestates\gsgameover.cpp(35): warning C4244: 'argument': conversion from 'int' to 'GLfloat', possible loss of data
c:\users\fappe\documents\visual studio 2015\projects\tetris\trainingframework\src\gamestates\gsgameover.cpp(46): warning C4244: 'argument': conversion from 'int' to 'GLfloat', possible loss of data
c:\users\fappe\documents\visual studio 2015\projects\tetris\trainingframework\src\gamestates\gsgameover.cpp(58): warning C4244: 'argument': conversion from 'int' to 'GLfloat', possible loss of data
d:\microsoft visual studio 14.0\vc\include\memory(901): warning C4244: 'argument': conversion from 'double' to 'float', possible loss of data
  d:\microsoft visual studio 14.0\vc\include\memory(971): note: see reference to function template instantiation 'std::_Ref_count_obj<_Ty>::_Ref_count_obj<std::shared_ptr<Shaders>&,std::shared_ptr<Font>&,std::basic_string<char,std::char_traits<char>,std::allocator<char>>,TEXT_COLOR,double>(std::shared_ptr<Shaders> &,std::shared_ptr<Font> &,std::basic_string<char,std::char_traits<char>,std::allocator<char>> &&,TEXT_COLOR &&,double &&)' being compiled
          with
          [
              _Ty=Text
          ]
  d:\microsoft visual studio 14.0\vc\include\memory(971): note: see reference to function template instantiation 'std::_Ref_count_obj<_Ty>::_Ref_count_obj<std::shared_ptr<Shaders>&,std::shared_ptr<Font>&,std::basic_string<char,std::char_traits<char>,std::allocator<char>>,TEXT_COLOR,double>(std::shared_ptr<Shaders> &,std::shared_ptr<Font> &,std::basic_string<char,std::char_traits<char>,std::allocator<char>> &&,TEXT_COLOR &&,double &&)' being compiled
          with
          [
              _Ty=Text
          ]
  c:\users\fappe\documents\visual studio 2015\projects\tetris\trainingframework\src\gamestates\gsgameover.cpp(57): note: see reference to function template instantiation 'std::shared_ptr<Text> std::make_shared<Text,std::shared_ptr<Shaders>&,std::shared_ptr<Font>&,std::basic_string<char,std::char_traits<char>,std::allocator<char>>,TEXT_COLOR,double>(std::shared_ptr<Shaders> &,std::shared_ptr<Font> &,std::basic_string<char,std::char_traits<char>,std::allocator<char>> &&,TEXT_COLOR &&,double &&)' being compiled
  TrainingFramework.vcxproj -> C:\Users\fappe\Documents\Visual Studio 2015\Projects\Tetris\\BIN-Nvidia\Tetris.exe
  TrainingFramework.vcxproj -> C:\Users\fappe\Documents\Visual Studio 2015\Projects\Tetris\\BIN-Nvidia\Tetris.pdb (Full PDB)
